2023-03-21 02:18:57,378[WARN]com.zaxxer.hikari.pool.HikariPool[HikariPool-1 housekeeper]HikariPool-1 - Thread starvation or clock leap detected (housekeeper delta=3h32s977ms128µs200ns).
2023-03-21 08:30:48,376[WARN]com.zaxxer.hikari.pool.HikariPool[HikariPool-1 housekeeper]HikariPool-1 - Thread starvation or clock leap detected (housekeeper delta=6h11m53s587ms644µs600ns).
2023-03-21 09:44:56,795[WARN]com.zaxxer.hikari.pool.HikariPool[HikariPool-1 housekeeper]HikariPool-1 - Thread starvation or clock leap detected (housekeeper delta=3m7s367ms591µs600ns).
2023-03-21 11:03:00,176[WARN]com.zaxxer.hikari.pool.HikariPool[HikariPool-1 housekeeper]HikariPool-1 - Thread starvation or clock leap detected (housekeeper delta=3m24s964ms536µs400ns).
2023-03-21 12:59:27,263[INFO]org.springframework.orm.jpa.LocalContainerEntityManagerFactoryBean[SpringApplicationShutdownHook]Closing JPA EntityManagerFactory for persistence unit 'default'
2023-03-21 12:59:29,280[INFO]com.zaxxer.hikari.HikariDataSource[SpringApplicationShutdownHook]HikariPool-1 - Shutdown initiated...
2023-03-21 12:59:29,843[INFO]com.zaxxer.hikari.HikariDataSource[SpringApplicationShutdownHook]HikariPool-1 - Shutdown completed.
2023-03-21 13:00:21,443[INFO]com.Sanduni.Student_management_systembackend.StudentManagementSystembackendApplication[main]Starting StudentManagementSystembackendApplication using Java 19.0.2 with PID 27968 (C:\Users\acer\Desktop\Student Management System\SMS\Student_management_systembackend\target\classes started by acer in C:\Users\acer\Desktop\Student Management System\SMS\Student_management_systembackend)
2023-03-21 13:00:21,446[INFO]com.Sanduni.Student_management_systembackend.StudentManagementSystembackendApplication[main]No active profile set, falling back to 1 default profile: "default"
2023-03-21 13:00:22,652[INFO]org.springframework.data.repository.config.RepositoryConfigurationDelegate[main]Bootstrapping Spring Data JPA repositories in DEFAULT mode.
2023-03-21 13:00:22,740[INFO]org.springframework.data.repository.config.RepositoryConfigurationDelegate[main]Finished Spring Data repository scanning in 74 ms. Found 1 JPA repository interfaces.
2023-03-21 13:00:23,498[INFO]org.springframework.boot.web.embedded.tomcat.TomcatWebServer[main]Tomcat initialized with port(s): 8080 (http)
2023-03-21 13:00:23,516[INFO]org.apache.catalina.core.StandardService[main]Starting service [Tomcat]
2023-03-21 13:00:23,517[INFO]org.apache.catalina.core.StandardEngine[main]Starting Servlet engine: [Apache Tomcat/10.1.5]
2023-03-21 13:00:24,081[INFO]org.apache.catalina.core.ContainerBase.[Tomcat].[localhost].[/][main]Initializing Spring embedded WebApplicationContext
2023-03-21 13:00:24,083[INFO]org.springframework.boot.web.servlet.context.ServletWebServerApplicationContext[main]Root WebApplicationContext: initialization completed in 2579 ms
2023-03-21 13:00:24,709[INFO]org.hibernate.jpa.internal.util.LogHelper[main]HHH000204: Processing PersistenceUnitInfo [name: default]
2023-03-21 13:00:24,914[INFO]org.hibernate.Version[main]HHH000412: Hibernate ORM core version 6.1.7.Final
2023-03-21 13:00:26,009[INFO]com.zaxxer.hikari.HikariDataSource[main]HikariPool-1 - Starting...
2023-03-21 13:00:27,354[INFO]com.zaxxer.hikari.pool.HikariPool[main]HikariPool-1 - Added connection com.mysql.cj.jdbc.ConnectionImpl@4628a02b
2023-03-21 13:00:27,363[INFO]com.zaxxer.hikari.HikariDataSource[main]HikariPool-1 - Start completed.
2023-03-21 13:00:28,141[INFO]SQL dialect[main]HHH000400: Using dialect: org.hibernate.dialect.MySQLDialect
2023-03-21 13:00:30,994[INFO]org.hibernate.engine.transaction.jta.platform.internal.JtaPlatformInitiator[main]HHH000490: Using JtaPlatform implementation: [org.hibernate.engine.transaction.jta.platform.internal.NoJtaPlatform]
2023-03-21 13:00:31,013[INFO]org.springframework.orm.jpa.LocalContainerEntityManagerFactoryBean[main]Initialized JPA EntityManagerFactory for persistence unit 'default'
2023-03-21 13:00:31,370[WARN]org.springframework.boot.autoconfigure.orm.jpa.JpaBaseConfiguration$JpaWebConfiguration[main]spring.jpa.open-in-view is enabled by default. Therefore, database queries may be performed during view rendering. Explicitly configure spring.jpa.open-in-view to disable this warning
2023-03-21 13:00:31,742[INFO]org.springframework.boot.web.embedded.tomcat.TomcatWebServer[main]Tomcat started on port(s): 8080 (http) with context path ''
2023-03-21 13:00:31,751[INFO]com.Sanduni.Student_management_systembackend.StudentManagementSystembackendApplication[main]Started StudentManagementSystembackendApplication in 11.132 seconds (process running for 15.652)
2023-03-21 13:00:31,985[INFO]org.apache.catalina.core.ContainerBase.[Tomcat].[localhost].[/][http-nio-8080-exec-2]Initializing Spring DispatcherServlet 'dispatcherServlet'
2023-03-21 13:00:31,986[INFO]org.springframework.web.servlet.DispatcherServlet[http-nio-8080-exec-2]Initializing Servlet 'dispatcherServlet'
2023-03-21 13:00:32,015[INFO]org.springframework.web.servlet.DispatcherServlet[http-nio-8080-exec-2]Completed initialization in 2 ms
2023-03-21 14:33:24,596[WARN]com.zaxxer.hikari.pool.HikariPool[HikariPool-1 housekeeper]HikariPool-1 - Thread starvation or clock leap detected (housekeeper delta=43m55s657ms437µs800ns).
2023-03-21 14:34:12,708[INFO]org.springframework.orm.jpa.LocalContainerEntityManagerFactoryBean[SpringApplicationShutdownHook]Closing JPA EntityManagerFactory for persistence unit 'default'
2023-03-21 14:34:14,512[INFO]com.zaxxer.hikari.HikariDataSource[SpringApplicationShutdownHook]HikariPool-1 - Shutdown initiated...
2023-03-21 14:34:14,709[INFO]com.zaxxer.hikari.HikariDataSource[SpringApplicationShutdownHook]HikariPool-1 - Shutdown completed.
